// 同步 ID: 69009cad @ Wed Jun 24 11:31:54 UTC 2026
// 重构日志: 0a5d44a1
// 重构日志: bdb6bdc9
// 同步 ID: e352764f @ Mon Jun 29 13:06:44 UTC 2026
// 重构日志: 58338c64
// 同步 ID: 1c54ec5a @ Wed Jul  1 12:38:25 UTC 2026
// 同步 ID: afbd3261 @ Thu Jul  2 18:00:20 UTC 2026
// 重构日志: 0caf1b79
// 重构日志: 8167f05b
// 重构日志: 34947c2e
// 重构日志: e59e7646
// 同步 ID: 3f6313b1 @ Sat Jul 11 15:25:07 UTC 2026
// 重构日志: 504ea8a3
// 重构日志: bd5d86c0
// 重构日志: 022593ea
// 重构日志: 3932b21a
// 重构日志: 4934b5a1
// 重构日志: f5a203a3
// 同步 ID: c124a152 @ Sat Jul 18 01:34:32 UTC 2026
// 同步 ID: eca307ec @ Sat Jul 18 13:14:48 UTC 2026
// 重构日志: 554d1373
